[2025-11-17T00:50:38.679+0000] {local_task_job_runner.py:123} INFO - ::group::Pre task execution logs
[2025-11-17T00:50:38.698+0000] {taskinstance.py:2603} INFO - Dependencies all met for dep_context=non-requeueable deps ti=<TaskInstance: Airflow_Lab1.load_model_task manual__2025-11-17T00:50:15.008299+00:00 [queued]>
[2025-11-17T00:50:38.705+0000] {taskinstance.py:2603} INFO - Dependencies all met for dep_context=requeueable deps ti=<TaskInstance: Airflow_Lab1.load_model_task manual__2025-11-17T00:50:15.008299+00:00 [queued]>
[2025-11-17T00:50:38.706+0000] {taskinstance.py:2856} INFO - Starting attempt 1 of 3
[2025-11-17T00:50:38.720+0000] {taskinstance.py:2879} INFO - Executing <Task(PythonOperator): load_model_task> on 2025-11-17 00:50:15.008299+00:00
[2025-11-17T00:50:38.753+0000] {logging_mixin.py:190} WARNING - /home/airflow/.local/lib/python3.12/site-packages/airflow/task/task_runner/standard_task_runner.py:70 DeprecationWarning: This process (pid=189) is multi-threaded, use of fork() may lead to deadlocks in the child.
[2025-11-17T00:50:38.756+0000] {standard_task_runner.py:72} INFO - Started process 212 to run task
[2025-11-17T00:50:38.753+0000] {standard_task_runner.py:104} INFO - Running: ['airflow', 'tasks', 'run', 'Airflow_Lab1', 'load_model_task', 'manual__2025-11-17T00:50:15.008299+00:00', '--job-id', '5', '--raw', '--subdir', 'DAGS_FOLDER/MLOps-Airflow-Lab1/ML_airflow.py', '--cfg-path', '/tmp/tmparm4nctc']
[2025-11-17T00:50:38.760+0000] {standard_task_runner.py:105} INFO - Job 5: Subtask load_model_task
[2025-11-17T00:50:38.869+0000] {task_command.py:467} INFO - Running <TaskInstance: Airflow_Lab1.load_model_task manual__2025-11-17T00:50:15.008299+00:00 [running]> on host b2e13fd5b7c3
[2025-11-17T00:50:38.934+0000] {taskinstance.py:3122} INFO - Exporting env vars: AIRFLOW_CTX_DAG_OWNER='Karthik' AIRFLOW_CTX_DAG_ID='Airflow_Lab1' AIRFLOW_CTX_TASK_ID='load_model_task' AIRFLOW_CTX_EXECUTION_DATE='2025-11-17T00:50:15.008299+00:00' AIRFLOW_CTX_TRY_NUMBER='1' AIRFLOW_CTX_DAG_RUN_ID='manual__2025-11-17T00:50:15.008299+00:00'
[2025-11-17T00:50:38.935+0000] {taskinstance.py:731} INFO - ::endgroup::
[2025-11-17T00:50:38.949+0000] {logging_mixin.py:190} INFO - DBSCAN model loaded. Clusters found: 5
[2025-11-17T00:50:38.969+0000] {logging_mixin.py:190} WARNING - /home/airflow/.local/lib/python3.12/site-packages/sklearn/utils/validation.py:2742 UserWarning: X has feature names, but StandardScaler was fitted without feature names
[2025-11-17T00:50:39.030+0000] {logging_mixin.py:190} INFO - -1
[2025-11-17T00:50:39.033+0000] {logging_mixin.py:190} INFO - ⚠️ Sample considered an outlier
[2025-11-17T00:50:39.041+0000] {python.py:240} INFO - Done. Returned value was: -1
[2025-11-17T00:50:39.104+0000] {taskinstance.py:340} INFO - ::group::Post task execution logs
[2025-11-17T00:50:39.104+0000] {taskinstance.py:352} INFO - Marking task as SUCCESS. dag_id=Airflow_Lab1, task_id=load_model_task, run_id=manual__2025-11-17T00:50:15.008299+00:00, execution_date=20251117T005015, start_date=20251117T005038, end_date=20251117T005039
[2025-11-17T00:50:39.150+0000] {local_task_job_runner.py:261} INFO - Task exited with return code 0
[2025-11-17T00:50:39.167+0000] {taskinstance.py:3891} INFO - 0 downstream tasks scheduled from follow-on schedule check
[2025-11-17T00:50:39.168+0000] {local_task_job_runner.py:240} INFO - ::endgroup::
