[2025-11-06T18:05:06.967-0500] {manager.py:469} INFO - Processing files using up to 1 processes at a time 
[2025-11-06T18:05:06.967-0500] {manager.py:470} INFO - Process each file at most once every 30 seconds
[2025-11-06T18:05:06.967-0500] {manager.py:471} INFO - Checking for new files in /Users/karthikmac/Documents/airflow/dags every 300 seconds
[2025-11-06T18:05:06.967-0500] {manager.py:738} INFO - Searching for files in /Users/karthikmac/Documents/airflow/dags
[2025-11-06T18:05:06.973-0500] {manager.py:741} INFO - There are 1 files in /Users/karthikmac/Documents/airflow/dags
[2025-11-06T18:05:35.969-0500] {manager.py:879} INFO - 
================================================================================
DAG File Processing Stats

File Path                                                                  PID    Runtime      # DAGs    # Errors  Last Runtime    Last Run
-------------------------------------------------------------------------  -----  ---------  --------  ----------  --------------  -------------------
/Users/karthikmac/Documents/airflow/dags/MLOps-Airflow-Lab1/ML_airflow.py                           1           0  2.44s           2025-11-06T23:05:09
================================================================================
[2025-11-06T18:06:06.962-0500] {manager.py:879} INFO - 
================================================================================
DAG File Processing Stats

File Path                                                                  PID    Runtime      # DAGs    # Errors  Last Runtime    Last Run
-------------------------------------------------------------------------  -----  ---------  --------  ----------  --------------  -------------------
/Users/karthikmac/Documents/airflow/dags/MLOps-Airflow-Lab1/ML_airflow.py                           1           0  2.70s           2025-11-06T23:05:42
================================================================================
[2025-11-06T18:06:37.046-0500] {manager.py:879} INFO - 
================================================================================
DAG File Processing Stats

File Path                                                                  PID    Runtime      # DAGs    # Errors  Last Runtime    Last Run
-------------------------------------------------------------------------  -----  ---------  --------  ----------  --------------  -------------------
/Users/karthikmac/Documents/airflow/dags/MLOps-Airflow-Lab1/ML_airflow.py                           1           0  2.50s           2025-11-06T23:06:15
================================================================================
[2025-11-06T18:07:07.814-0500] {manager.py:879} INFO - 
================================================================================
DAG File Processing Stats

File Path                                                                  PID    Runtime      # DAGs    # Errors  Last Runtime    Last Run
-------------------------------------------------------------------------  -----  ---------  --------  ----------  --------------  -------------------
/Users/karthikmac/Documents/airflow/dags/MLOps-Airflow-Lab1/ML_airflow.py                           1           0  2.64s           2025-11-06T23:06:48
================================================================================
[2025-11-06T18:07:37.877-0500] {manager.py:879} INFO - 
================================================================================
DAG File Processing Stats

File Path                                                                  PID    Runtime      # DAGs    # Errors  Last Runtime    Last Run
-------------------------------------------------------------------------  -----  ---------  --------  ----------  --------------  -------------------
/Users/karthikmac/Documents/airflow/dags/MLOps-Airflow-Lab1/ML_airflow.py                           1           0  2.55s           2025-11-06T23:07:21
================================================================================
[2025-11-06T18:07:53.728-0500] {manager.py:451} INFO - Exiting gracefully upon receiving signal 15
[2025-11-17T00:49:03.391+0000] {manager.py:483} INFO - Processing files using up to 1 processes at a time 
[2025-11-17T00:49:03.391+0000] {manager.py:484} INFO - Process each file at most once every 30 seconds
[2025-11-17T00:49:03.392+0000] {manager.py:485} INFO - Checking for new files in /opt/airflow/dags every 300 seconds
[2025-11-17T00:49:03.392+0000] {manager.py:821} INFO - Searching for files in /opt/airflow/dags
[2025-11-17T00:49:03.433+0000] {manager.py:824} INFO - There are 1 files in /opt/airflow/dags
[2025-11-17T00:49:06.987+0000] {manager.py:997} INFO - 
================================================================================
DAG File Processing Stats

File Path                                           PID    Runtime      # DAGs    # Errors  Last Runtime    Last Run               Last # of DB Queries
--------------------------------------------------  -----  ---------  --------  ----------  --------------  -------------------  ----------------------
/opt/airflow/dags/MLOps-Airflow-Lab1/ML_airflow.py                           1           0  3.42s           2025-11-17T00:49:06                      24
================================================================================
[2025-11-17T00:49:40.111+0000] {manager.py:997} INFO - 
================================================================================
DAG File Processing Stats

File Path                                           PID    Runtime      # DAGs    # Errors  Last Runtime    Last Run               Last # of DB Queries
--------------------------------------------------  -----  ---------  --------  ----------  --------------  -------------------  ----------------------
/opt/airflow/dags/MLOps-Airflow-Lab1/ML_airflow.py                           1           0  2.11s           2025-11-17T00:49:40                      10
================================================================================
[2025-11-17T00:50:12.743+0000] {manager.py:997} INFO - 
================================================================================
DAG File Processing Stats

File Path                                           PID    Runtime      # DAGs    # Errors  Last Runtime    Last Run               Last # of DB Queries
--------------------------------------------------  -----  ---------  --------  ----------  --------------  -------------------  ----------------------
/opt/airflow/dags/MLOps-Airflow-Lab1/ML_airflow.py                           1           0  2.16s           2025-11-17T00:50:12                      10
================================================================================
[2025-11-17T00:50:46.840+0000] {manager.py:997} INFO - 
================================================================================
DAG File Processing Stats

File Path                                           PID    Runtime      # DAGs    # Errors  Last Runtime    Last Run               Last # of DB Queries
--------------------------------------------------  -----  ---------  --------  ----------  --------------  -------------------  ----------------------
/opt/airflow/dags/MLOps-Airflow-Lab1/ML_airflow.py                           1           0  3.51s           2025-11-17T00:50:46                      10
================================================================================
[2025-11-17T00:51:05.708+0000] {manager.py:465} INFO - Exiting gracefully upon receiving signal 15
